<?xml version="1.0" encoding="UTF-8"?>
<testng-results skipped="0" failed="0" ignored="0" total="2" passed="2">
  <reporter-output>
  </reporter-output>
  <suite name="Suite" duration-ms="20511" started-at="2020-10-30T09:09:58Z" finished-at="2020-10-30T09:10:18Z">
    <groups>
    </groups>
    <test name="Run on FIREFOX UI" duration-ms="9962" started-at="2020-10-30T09:09:58Z" finished-at="2020-10-30T09:10:08Z">
      <class name="deliveree.pretest.users.Level_01_Search_With_Google">
        <test-method status="PASS" signature="beforeClass(java.lang.String, java.lang.String)[pri:0, instance:deliveree.pretest.users.Level_01_Search_With_Google@6e1567f1]" name="beforeClass" is-config="true" duration-ms="6093" started-at="2020-10-30T09:09:58Z" finished-at="2020-10-30T09:10:04Z">
          <params>
            <param index="0">
              <value>
                <![CDATA[firefox_ui]]>
              </value>
            </param>
            <param index="1">
              <value>
                <![CDATA[https://www.google.com/]]>
              </value>
            </param>
          </params>
          <reporter-output>
          </reporter-output>
        </test-method> <!-- beforeClass -->
        <test-method status="PASS" signature="TC_01_Search_With_Value()[pri:0, instance:deliveree.pretest.users.Level_01_Search_With_Google@6e1567f1]" name="TC_01_Search_With_Value" duration-ms="2789" started-at="2020-10-30T09:10:04Z" finished-at="2020-10-30T09:10:07Z">
          <reporter-output>
          </reporter-output>
        </test-method> <!-- TC_01_Search_With_Value -->
        <test-method status="PASS" signature="afterClass()[pri:0, instance:deliveree.pretest.users.Level_01_Search_With_Google@6e1567f1]" name="afterClass" is-config="true" duration-ms="1049" started-at="2020-10-30T09:10:07Z" finished-at="2020-10-30T09:10:08Z">
          <reporter-output>
          </reporter-output>
        </test-method> <!-- afterClass -->
      </class> <!-- deliveree.pretest.users.Level_01_Search_With_Google -->
    </test> <!-- Run on FIREFOX UI -->
    <test name="Run on CHROME UI" duration-ms="10537" started-at="2020-10-30T09:10:08Z" finished-at="2020-10-30T09:10:18Z">
      <class name="deliveree.pretest.users.Level_01_Search_With_Google">
        <test-method status="PASS" signature="beforeClass(java.lang.String, java.lang.String)[pri:0, instance:deliveree.pretest.users.Level_01_Search_With_Google@3327bd23]" name="beforeClass" is-config="true" duration-ms="7089" started-at="2020-10-30T09:10:08Z" finished-at="2020-10-30T09:10:15Z">
          <params>
            <param index="0">
              <value>
                <![CDATA[chrome_ui]]>
              </value>
            </param>
            <param index="1">
              <value>
                <![CDATA[https://www.google.com/]]>
              </value>
            </param>
          </params>
          <reporter-output>
          </reporter-output>
        </test-method> <!-- beforeClass -->
        <test-method status="PASS" signature="TC_01_Search_With_Value()[pri:0, instance:deliveree.pretest.users.Level_01_Search_With_Google@3327bd23]" name="TC_01_Search_With_Value" duration-ms="2648" started-at="2020-10-30T09:10:15Z" finished-at="2020-10-30T09:10:18Z">
          <reporter-output>
          </reporter-output>
        </test-method> <!-- TC_01_Search_With_Value -->
        <test-method status="PASS" signature="afterClass()[pri:0, instance:deliveree.pretest.users.Level_01_Search_With_Google@3327bd23]" name="afterClass" is-config="true" duration-ms="796" started-at="2020-10-30T09:10:18Z" finished-at="2020-10-30T09:10:18Z">
          <reporter-output>
          </reporter-output>
        </test-method> <!-- afterClass -->
      </class> <!-- deliveree.pretest.users.Level_01_Search_With_Google -->
    </test> <!-- Run on CHROME UI -->
  </suite> <!-- Suite -->
</testng-results>
